________________________________________________________________________________________________________________________________
bafybeihqo3aru6l7leroihinvgbltqbzw6lcrq7qppfvlwh2serjrjqare
________________________________________________________________________________________________________________________________
                                                                                                                           LOGS
    bafybeign7bnlfbpvdbc4ngm6qiwk4fqttnq3bpeaiysyahfpw7crud46wq
________________________________________________________________________________________________________________________________
                                                                bafybeifiksanjyct7s7zo6g7j63oyawbfukg2oic4ydzglmdh45ofbfsxq.LOG
        bafybeihw7znydjjzpynixnqn347rhmtsjgqjkoqa2cxbmbrhjy44q2qffi
________________________________________________________________________________________________________________________________
                                                                    bafybeifiksanjyct7s7zo6g7j63oyawbfukg2oic4ydzglmdh45ofbfsxq
    bafybeifiksanjyct7s7zo6g7j63oyawbfukg2oic4ydzglmdh45ofbfsxq
________________________________________________________________________________________________________________________________
                                                                                                                  MeKuboArk.ico
        bafybeihgkiyvsc3r5uf65whdsc6224mip5q4onisqmaxg7v72lyievvj6a
________________________________________________________________________________________________________________________________
                                                                                                                  MeKuboWidgets
        bafybeihd2wou4kx3dbaqrwekevrstia3u5meva2iznhpldfcwe5drm4m3a
________________________________________________________________________________________________________________________________
                                                                                                                      MeKuboArk
            bafybeie7vjd6mgd3rfjbwavyjacdnjz63mipqh65ocu6bclvdmdz7jdi2u
________________________________________________________________________________________________________________________________
                                                                                                                           LOGS
                bafybeiczsscdsbs7ffqz55asqdf3smv6klcw3gofszvwlyarci47bgf354
________________________________________________________________________________________________________________________________
                                                                                                                  MeKuboArk.exe
                bafybeiea6eu2ncx43ii2qgdqoqka3asuosvtx23v4u6dbyve7255kzyeqy
________________________________________________________________________________________________________________________________
                                                                                                                   MeKuboArk.py
                bafybeibnwf7owgol3vy7ahljfxith24p7ogd7muy2sv6ekw6xdpteilbz4
________________________________________________________________________________________________________________________________
                                                                                                                            zoo
                bafybeifuj7rqasejbo4t5cv4q4fjplhgag3fjbeg7pk2ueanaweqj2a2sm
________________________________________________________________________________________________________________________________
                                                                                                                     2paths.ini
                    bafybeifj46gk32yiuwe5vrvthiasmfj43jn6pscmtlwqivagayheypyxre
________________________________________________________________________________________________________________________________
