________________________________________________________________________________________________________________________________
bafybeibifbn6wnzxvez2htijubbvmxlmcqranxl645iame2wyhhsfndnqa
________________________________________________________________________________________________________________________________
                                                                                                                         MeKubo
    bafybeifvjt3x4hyg3c2jisqxopekpqsdw634sjqwknmpa2ojyytnyafogy
________________________________________________________________________________________________________________________________
                                                                                                                     MeKuboWeb3
        bafybeiamj7i7qazk52t4a4klgeieabcpgnp63cvity7y4ktj6mz35qpg6m
________________________________________________________________________________________________________________________________
                                                                                                                 MeKuboWeb3.exe
            bafybeigoncgdkmz7kiwzzg26icqgnzb7hnd2rloybwop2xzprcu43cungu
________________________________________________________________________________________________________________________________
                                                                                                                  MeKuboWeb3.py
            bafybeifxu6s6wahqzs4zi3yiw3o4rbyuvunsdl3fdfy3ysftxhajj2nsle
________________________________________________________________________________________________________________________________
                                                                                                                            zoo
            bafybeigd2blr5bxc7vkyyokujh6mg4bhsmehwutgwnmhsrdoxrvx4iefnu
________________________________________________________________________________________________________________________________
                                                                                                                           kubo
                bafybeic55asxwep3yuj63zyqonaf23ihmqutqceuw5yqqtfrprymh66xhi
________________________________________________________________________________________________________________________________
                                                                                                                        .unixfs
                    bafybeiflsu6qw2coht2744nfj2xxgdzhbrws6qkkete6resgw4zhh7np5i
________________________________________________________________________________________________________________________________
                                                                                                                            api
                        bafybeihymvx4j63wzrkml5byzs4orza55e6nc7ndlazqjlbjqlcl7g6rue
________________________________________________________________________________________________________________________________
                                                                                                                         blocks
                        bafybeidexgflbg4qte24oksvouyul34pgbm7sgwxwhzhwlbjqbtibty4li
________________________________________________________________________________________________________________________________
                                                                                                                          .temp
                            bafybeiczsscdsbs7ffqz55asqdf3smv6klcw3gofszvwlyarci47bgf354
________________________________________________________________________________________________________________________________
                                                                                                                       SHARDING
                            bafybeien7va6rmhlfdjjdjomgsuafzbe5m4deyt57wpfsg6iokyhs6vn6q
________________________________________________________________________________________________________________________________
                                                                                                                        _README
                            bafybeiesf4lti7oc2ittmbinrxiic4hkkpahebdadsday4ysuuy73jdwdm
________________________________________________________________________________________________________________________________
                                                                                                                diskUsage.cache
                            bafybeidaqwwhcq5oroddikm56yeyjuiiv3bono5k5wu75nsx4pqfpvpt6y
________________________________________________________________________________________________________________________________
                                                                                                                         config
                        bafybeibed2z5qydxd3odih3qp3hgae3xv4jaiuxble55yddr5mnm4lpaim
________________________________________________________________________________________________________________________________
                                                                                                                 datastore_spec
                        bafybeihyylqujegxugdjlvt3yz2qacl4ex2e4wd52d4nn3duepnskyeg6y
________________________________________________________________________________________________________________________________
                                                                                                                        gateway
                        bafybeiabxy2labcqxvueywhajfq2gqerokphuiiguja7wmnudb7opqxobe
________________________________________________________________________________________________________________________________
                                                                                                                       keystore
                        bafybeiczsscdsbs7ffqz55asqdf3smv6klcw3gofszvwlyarci47bgf354
________________________________________________________________________________________________________________________________
                                                                                                                        version
                        bafybeidx3ur27ltvjk3rv72opr6wzarc2nye5mupg45er57rcnvasmp25m
________________________________________________________________________________________________________________________________
                                                                                                                       kubo.exe
                    bafybeigxzzp243ppzeiw6bljspnmwvrnn76uytqitsdhpkkbwzqo7uwhii
                        bafybeidzszc5npkqram7ntzxb2pz2zsyqfiezfefxazjxentaql5mvxhsu
________________________________________________________________________________________________________________________________
                                                                                                                          modem
                    bafybeigqp7ip3fmioccxmyvdru3xfomshqjqla2aisxv7mvp7amw4weayy
________________________________________________________________________________________________________________________________
                                                                                                                 soundmodem.exe
                        bafybeiafjopdexkpk2e4vbk7btbt2q3eau26w45qljmih5tski672souse
________________________________________________________________________________________________________________________________
                                                                                                                 soundmodem.ini
                        bafybeihdnl3xv5royzak5fe6cj4pg62sy5ow6ho35mbjbj4dhvj54rdnx4
________________________________________________________________________________________________________________________________
                                                                                                                   zMeModem.ini
                        bafybeihdnl3xv5royzak5fe6cj4pg62sy5ow6ho35mbjbj4dhvj54rdnx4
________________________________________________________________________________________________________________________________
                                                                                                                        par.exe
                    bafybeidkpjrbk3u4qmgcxkebvqnv2chivxqvpetrysv3muhl324idz6fw4
________________________________________________________________________________________________________________________________
                                                                                                                           pgpg
                    bafybeied63mwe7l2g4z7bvcv2iwzwxbwdt4auzt2rgxeby5gpfzbshgrka
________________________________________________________________________________________________________________________________
                                                                                                                        gpg.exe
                        bafybeiga3tz7dhtqldo42rodoe3f6p7fhlut7tymkuu4wbyi7j3io6p6du
________________________________________________________________________________________________________________________________
                                                                                                                     gpgtar.exe
                        bafybeie5lvfzgwqmwclwxhll4kieyqz2z3juufce36a7d6yxqsl5fkraou
________________________________________________________________________________________________________________________________
                                                                                                                libassuan-9.dll
                        bafybeif6h3tgeinsjh3xcrpfi222el5jxv4z7t2pg3yguvrcydef7rymcu
________________________________________________________________________________________________________________________________
                                                                                                               libgcrypt-20.dll
                        bafybeigz3ldm4qw3ava5ngsexywom7wer3knxljct7dycvxwcvyt6ez3we
________________________________________________________________________________________________________________________________
                                                                                                             libgpg-error-0.dll
                        bafybeicjz2i3f62kbm5mpdneawazxfuwxyl3jy2hju5wdywbzpnwu7kdte
________________________________________________________________________________________________________________________________
                                                                                                                  libnpth-0.dll
                        bafybeicyabv6252jpitla73bwlbfx4c5tur7mljdah6jhfy4zlnaykdyqa
________________________________________________________________________________________________________________________________
                                                                                                               libsqlite3-0.dll
                        bafybeiaqcya4v2kalo37xsjl2vfk6zisrocttpo46bsuh3h5h3bvxziyc4
________________________________________________________________________________________________________________________________
                                                                                                                      zlib1.dll
                        bafybeifnm7g7hihrcrgvr73wkhyzwltzni3sx22lxioxmj3ukonrigof5i
________________________________________________________________________________________________________________________________
                                                                                                                         things
                bafybeibd6efaxtnszfaxubmweossatd25qefhdkfbii4qyazombjgmnwxe
________________________________________________________________________________________________________________________________
                                                                                                                           gets
                    bafybeiczsscdsbs7ffqz55asqdf3smv6klcw3gofszvwlyarci47bgf354
________________________________________________________________________________________________________________________________
                                                                                                                          mores
                    bafybeidf4hr3gkhoxsdma23rvlrej3u4prznmovhom5jccgmengtoqjaby
________________________________________________________________________________________________________________________________
                                                                                                                           LOGS
                        bafybeiczsscdsbs7ffqz55asqdf3smv6klcw3gofszvwlyarci47bgf354
________________________________________________________________________________________________________________________________
                                                                                                                            car
                        bafybeiczsscdsbs7ffqz55asqdf3smv6klcw3gofszvwlyarci47bgf354
________________________________________________________________________________________________________________________________
                                                                                                                          crypt
                        bafybeibq4vs4bamtpxxgxrskdjkllhy5huv4wh7tbsjxap3fnn6yzbw4cy
________________________________________________________________________________________________________________________________
                                                                                                                    SECRETfiles
                            bafybeiczsscdsbs7ffqz55asqdf3smv6klcw3gofszvwlyarci47bgf354
________________________________________________________________________________________________________________________________
                                                                                                                  SECRETphrases
                            bafybeiczsscdsbs7ffqz55asqdf3smv6klcw3gofszvwlyarci47bgf354
________________________________________________________________________________________________________________________________
                                                                                                                           sigk
                        bafybeiczsscdsbs7ffqz55asqdf3smv6klcw3gofszvwlyarci47bgf354
________________________________________________________________________________________________________________________________
                                                                                                                        secrets
                    bafybeiczsscdsbs7ffqz55asqdf3smv6klcw3gofszvwlyarci47bgf354
________________________________________________________________________________________________________________________________
                                                                                                                         shares
                    bafybeiczsscdsbs7ffqz55asqdf3smv6klcw3gofszvwlyarci47bgf354
________________________________________________________________________________________________________________________________
                                                                                                                  MeKuboWidgets
        bafybeifkuftsikfuzmqsgydpgspjtrpq6iua25oraaknh3es5nc32drsnq
________________________________________________________________________________________________________________________________
                                                                                                                      MeKuboArk
            bafybeih4fmedbgnjahoi6p2dm4vi7o2hpawhpfzsmbccdx7hxrnczeixiu
________________________________________________________________________________________________________________________________
                                                                                                                           LOGS
                bafybeiczsscdsbs7ffqz55asqdf3smv6klcw3gofszvwlyarci47bgf354
________________________________________________________________________________________________________________________________
                                                                                                                  MeKuboArk.exe
                bafybeicklmzxdx4h3wybe67obkuyvvp7zpfzbrlgnw6nfmnpkdxcm7rgry
________________________________________________________________________________________________________________________________
                                                                                                                   MeKuboArk.py
                bafybeidmxcql3ngylykxiugkstnym6x3lg4qfmaf6gegrrtdsduxemhtse
________________________________________________________________________________________________________________________________
                                                                                                                            zoo
                bafybeifuj7rqasejbo4t5cv4q4fjplhgag3fjbeg7pk2ueanaweqj2a2sm
________________________________________________________________________________________________________________________________
                                                                                                                     2paths.ini
                    bafybeifj46gk32yiuwe5vrvthiasmfj43jn6pscmtlwqivagayheypyxre
________________________________________________________________________________________________________________________________
                                                                                                                    MeKuboRmMfs
            bafybeihvalr5c7quph6wl6rhtsluzx6o2gftyweyspe62467nuhk7f3ele
________________________________________________________________________________________________________________________________
                                                                                                                MeKuboRmMfs.exe
                bafybeihbcy4f6w2v2ch2pakh3tmu2ia6xdtul4cclh77ykhdpxgi4diwgy
________________________________________________________________________________________________________________________________
                                                                                                                 MeKuboRmMfs.py
                bafybeibzgyjr7wwxggyektj4u7kpwxulpza3exi4okv42qdbom4jincrka
________________________________________________________________________________________________________________________________
                                                                                                                            zoo
                bafybeifuj7rqasejbo4t5cv4q4fjplhgag3fjbeg7pk2ueanaweqj2a2sm
________________________________________________________________________________________________________________________________
                                                                                                                     2paths.ini
                    bafybeifj46gk32yiuwe5vrvthiasmfj43jn6pscmtlwqivagayheypyxre
________________________________________________________________________________________________________________________________
                                                                                                                    MeKuboRmPin
            bafybeienzcolwoapq623gk535vtgy6wzxjptfuwjd2j5jyqnetxadbq2d4
________________________________________________________________________________________________________________________________
                                                                                                                MeKuboRmPin.exe
                bafybeibwpmtvpg6xvncymernpllnqw5gxmzoeivw3vvwwbkc2rs5xikweu
________________________________________________________________________________________________________________________________
                                                                                                                 MeKuboRmPin.py
                bafybeif4ydrl7wgfro55ag23ngzkcgipvnb4kln5v7lsa6xzedca5fg6fi
________________________________________________________________________________________________________________________________
                                                                                                                            zoo
                bafybeifuj7rqasejbo4t5cv4q4fjplhgag3fjbeg7pk2ueanaweqj2a2sm
________________________________________________________________________________________________________________________________
                                                                                                                     2paths.ini
                    bafybeifj46gk32yiuwe5vrvthiasmfj43jn6pscmtlwqivagayheypyxre
________________________________________________________________________________________________________________________________
                                                                                                             MeLaunch0_Web3.exe
        bafybeifoesvzmjraka56h3j5eoc2qoyttjt44ynbhnflsx453tfevtx4ka
________________________________________________________________________________________________________________________________
                                                                                                              MeLaunch1_Ark.exe
        bafybeigdi7nttnt2voathby6c6euvr7bgnomp4ckp2slgtu3a6sa7nnmp4
________________________________________________________________________________________________________________________________
                                                                                                            MeLaunch2_RmMfs.exe
        bafybeidvp6itnw6wgisrdjcakuqs3rn5pkhwokpu7woaa7maktnlvcu4ey
________________________________________________________________________________________________________________________________
                                                                                                            MeLaunch3_RmPin.exe
        bafybeieoe6jsxlmxh2f5bpfdqgkb4urmtz5k6hlfkwv7bbzvexukumtfea
________________________________________________________________________________________________________________________________
