________________________________________________________________________________________________________________________________
bafybeiet6i3utw3qdkrdteobaqnaof3bfmjj6v7vyfqptlesifgeerkz3e
________________________________________________________________________________________________________________________________
                                                                                                                           LOGS
    bafybeibymiow6eym2u3meok5rpm63hgr73jdrkpeqz6cwd64x4micpow4y
________________________________________________________________________________________________________________________________
                                                                bafybeihm7vjwlo5b3eco7k2zt67ibpe4rxwopxt5q7n7ns2q4smsv6oubq.LOG
        bafybeicapoyble227dz3y2qcflwrpecktuyzvv75oxie6xkhmd7ntln6lm
________________________________________________________________________________________________________________________________
                                                                    bafybeihm7vjwlo5b3eco7k2zt67ibpe4rxwopxt5q7n7ns2q4smsv6oubq
    bafybeihm7vjwlo5b3eco7k2zt67ibpe4rxwopxt5q7n7ns2q4smsv6oubq
________________________________________________________________________________________________________________________________
                                                                                                                         MeKubo
        bafybeibruphzxzomjd4zf65v6zzsrii7p5eytms75kyedrnoupgl3lhuhq
________________________________________________________________________________________________________________________________
                                                                                                                     MeKuboWeb3
            bafybeieft2my4zgusko5bwahingxx5pke3t3omlrzhqemmxgaxdwaik22e
________________________________________________________________________________________________________________________________
                                                                                                                 MeKuboWeb3.exe
                bafybeihjzjd3ew7bpzp6sexpz6v4yvfi7tbtqr6rxzc42nghwvr3bs6asa
________________________________________________________________________________________________________________________________
                                                                                                                 MeKuboWeb3.ico
                bafybeicxrv465kt22y4aamlkg7qdizuf56c5hs4uukv3sma3y5wea7dg2q
________________________________________________________________________________________________________________________________
                                                                                                                  MeKuboWeb3.py
                bafybeiesmokl5dwrwguxkdf4bbmu6vkxrcsompue2fuabx63kvea5wmeca
________________________________________________________________________________________________________________________________
                                                                                                                            zoo
                bafybeic7sf2axgrejev7sg5wiajnmioahtsayslkyfcmq2xtpjiag56zd4
________________________________________________________________________________________________________________________________
                                                                                                                           kubo
                    bafybeig7sbkuszwexk4yduwnyjqtfhecnlevmryzhre7noxx2dfoz4kvaa
________________________________________________________________________________________________________________________________
                                                                                                                        .unixfs
                        bafybeiczsscdsbs7ffqz55asqdf3smv6klcw3gofszvwlyarci47bgf354
________________________________________________________________________________________________________________________________
                                                                                                                        kubo.7z
                        bafybeiblgeox6ewuflzac4fcvz2emd7zq7jlrhm44y44ndn5ds7ret6cj4
________________________________________________________________________________________________________________________________
                                                                                                                          modem
                        bafybeigqp7ip3fmioccxmyvdru3xfomshqjqla2aisxv7mvp7amw4weayy
________________________________________________________________________________________________________________________________
                                                                                                                 soundmodem.exe
                            bafybeiafjopdexkpk2e4vbk7btbt2q3eau26w45qljmih5tski672souse
________________________________________________________________________________________________________________________________
                                                                                                                 soundmodem.ini
                            bafybeihdnl3xv5royzak5fe6cj4pg62sy5ow6ho35mbjbj4dhvj54rdnx4
________________________________________________________________________________________________________________________________
                                                                                                                   zMeModem.ini
                            bafybeihdnl3xv5royzak5fe6cj4pg62sy5ow6ho35mbjbj4dhvj54rdnx4
________________________________________________________________________________________________________________________________
                                                                                                                        par.exe
                        bafybeih5phuza4batugp527yml2jyja4gzm7774y6hi6hwyibzakgrpgdy
________________________________________________________________________________________________________________________________
                                                                                                                           pgpg
                        bafybeibgtub5dxbif6lzveunfjz7lbzgr6vdngra5lfghg2lymmljdzjki
________________________________________________________________________________________________________________________________
                                                                                                                        gpg.exe
                            bafybeics425fl7ffeg2d6pu2dmvwuj2fvw7dlawqawj4dazecxaxc3hlwi
________________________________________________________________________________________________________________________________
                                                                                                                     gpgtar.exe
                            bafybeieu643p2qvinbzdrextykdbrz5o2wvvnt3f3nyku3bvt7v7q6rooq
________________________________________________________________________________________________________________________________
                                                                                                                libassuan-0.dll
                            bafybeihmzkttnzy2qgwsqrpypp6ndnk5hrbttnkxesbmhexv4l7satuori
________________________________________________________________________________________________________________________________
                                                                                                               libgcrypt-20.dll
                            bafybeibk7m6okul4a3l5x6ul7xfk7f7aeiyx5kc4qoo5vj4eoewepalwdy
________________________________________________________________________________________________________________________________
                                                                                                             libgpg-error-0.dll
                            bafybeia6phg4dbyvbpokelxsg5afaz4x6eqk6qhssm5dmhd6rqmatlqm6a
________________________________________________________________________________________________________________________________
                                                                                                                  libnpth-0.dll
                            bafybeifl526zl4pjexmunwpebpe2xkmekqqfapwdvy7wtltllvrtwjifeq
________________________________________________________________________________________________________________________________
                                                                                                               libsqlite3-0.dll
                            bafybeih6xyfwfj2t4xsycz6vvqsplg77tl7ukekrxcgleqh2wqmq6a26oi
________________________________________________________________________________________________________________________________
                                                                                                                      zlib1.dll
                            bafybeihalz7et3ss5ii42pea4fyxr7phjd3iswlpci7uc2qvk3vx5jvgz4
________________________________________________________________________________________________________________________________
                                                                                                                         things
                    bafybeibd6efaxtnszfaxubmweossatd25qefhdkfbii4qyazombjgmnwxe
________________________________________________________________________________________________________________________________
                                                                                                                           gets
                        bafybeiczsscdsbs7ffqz55asqdf3smv6klcw3gofszvwlyarci47bgf354
________________________________________________________________________________________________________________________________
                                                                                                                          mores
                        bafybeidf4hr3gkhoxsdma23rvlrej3u4prznmovhom5jccgmengtoqjaby
________________________________________________________________________________________________________________________________
                                                                                                                           LOGS
                            bafybeiczsscdsbs7ffqz55asqdf3smv6klcw3gofszvwlyarci47bgf354
________________________________________________________________________________________________________________________________
                                                                                                                            car
                            bafybeiczsscdsbs7ffqz55asqdf3smv6klcw3gofszvwlyarci47bgf354
________________________________________________________________________________________________________________________________
                                                                                                                          crypt
                            bafybeibq4vs4bamtpxxgxrskdjkllhy5huv4wh7tbsjxap3fnn6yzbw4cy
________________________________________________________________________________________________________________________________
                                                                                                                    SECRETfiles
                                bafybeiczsscdsbs7ffqz55asqdf3smv6klcw3gofszvwlyarci47bgf354
________________________________________________________________________________________________________________________________
                                                                                                                  SECRETphrases
                                bafybeiczsscdsbs7ffqz55asqdf3smv6klcw3gofszvwlyarci47bgf354
________________________________________________________________________________________________________________________________
                                                                                                                           sigk
                            bafybeiczsscdsbs7ffqz55asqdf3smv6klcw3gofszvwlyarci47bgf354
________________________________________________________________________________________________________________________________
                                                                                                                        secrets
                        bafybeiczsscdsbs7ffqz55asqdf3smv6klcw3gofszvwlyarci47bgf354
________________________________________________________________________________________________________________________________
                                                                                                                         shares
                        bafybeiczsscdsbs7ffqz55asqdf3smv6klcw3gofszvwlyarci47bgf354
________________________________________________________________________________________________________________________________
                                                                                                                  MeKuboWidgets
            bafybeidsr4hqhxfsuzvd5ld6je6k75jywxmu7k2epguplg7xirxxkeo2sy
________________________________________________________________________________________________________________________________
                                                                                                                      MeKuboArk
                bafybeigmcbtiluzjdcuctll6lezf7jc36a33br34d4ovqx75ev23v2rz5u
________________________________________________________________________________________________________________________________
                                                                                                                           LOGS
                    bafybeiczsscdsbs7ffqz55asqdf3smv6klcw3gofszvwlyarci47bgf354
________________________________________________________________________________________________________________________________
                                                                                                                  MeKuboArk.exe
                    bafybeiea6eu2ncx43ii2qgdqoqka3asuosvtx23v4u6dbyve7255kzyeqy
________________________________________________________________________________________________________________________________
                                                                                                                  MeKuboArk.ico
                    bafybeihgkiyvsc3r5uf65whdsc6224mip5q4onisqmaxg7v72lyievvj6a
________________________________________________________________________________________________________________________________
                                                                                                                   MeKuboArk.py
                    bafybeibnwf7owgol3vy7ahljfxith24p7ogd7muy2sv6ekw6xdpteilbz4
________________________________________________________________________________________________________________________________
                                                                                                                            zoo
                    bafybeifuj7rqasejbo4t5cv4q4fjplhgag3fjbeg7pk2ueanaweqj2a2sm
________________________________________________________________________________________________________________________________
                                                                                                                     2paths.ini
                        bafybeifj46gk32yiuwe5vrvthiasmfj43jn6pscmtlwqivagayheypyxre
________________________________________________________________________________________________________________________________
                                                                                                                    MeKuboRmMfs
                bafybeigqjqdtumwqaobyyzf4pyugzxbuy2crpny5ihdjbgpyzmyhknklau
________________________________________________________________________________________________________________________________
                                                                                                                MeKuboRmMfs.exe
                    bafybeihbcy4f6w2v2ch2pakh3tmu2ia6xdtul4cclh77ykhdpxgi4diwgy
________________________________________________________________________________________________________________________________
                                                                                                                MeKuboRmMfs.ico
                    bafybeic2uyqeikw3fmjvxhtulwxepa3v4ucjsxxp7kzxrv5m3hz4k4olau
________________________________________________________________________________________________________________________________
                                                                                                                 MeKuboRmMfs.py
                    bafybeibzgyjr7wwxggyektj4u7kpwxulpza3exi4okv42qdbom4jincrka
________________________________________________________________________________________________________________________________
                                                                                                                            zoo
                    bafybeifuj7rqasejbo4t5cv4q4fjplhgag3fjbeg7pk2ueanaweqj2a2sm
________________________________________________________________________________________________________________________________
                                                                                                                     2paths.ini
                        bafybeifj46gk32yiuwe5vrvthiasmfj43jn6pscmtlwqivagayheypyxre
________________________________________________________________________________________________________________________________
                                                                                                                    MeKuboRmPin
                bafybeibizzqhzeqnlcsdphbsto352kdtdgtbpz5ayfjm7oqcmgw3isz2hy
________________________________________________________________________________________________________________________________
                                                                                                                MeKuboRmPin.exe
                    bafybeibwpmtvpg6xvncymernpllnqw5gxmzoeivw3vvwwbkc2rs5xikweu
________________________________________________________________________________________________________________________________
                                                                                                                MeKuboRmPin.ico
                    bafybeicjgq47eyuppbjsmyxxdag43wst6ba7aggsd2uejwlyfovly3224e
________________________________________________________________________________________________________________________________
                                                                                                                 MeKuboRmPin.py
                    bafybeif4ydrl7wgfro55ag23ngzkcgipvnb4kln5v7lsa6xzedca5fg6fi
________________________________________________________________________________________________________________________________
                                                                                                                            zoo
                    bafybeifuj7rqasejbo4t5cv4q4fjplhgag3fjbeg7pk2ueanaweqj2a2sm
________________________________________________________________________________________________________________________________
                                                                                                                     2paths.ini
                        bafybeifj46gk32yiuwe5vrvthiasmfj43jn6pscmtlwqivagayheypyxre
________________________________________________________________________________________________________________________________
                                                                                                             MeLaunch0_Web3.exe
            bafybeifoesvzmjraka56h3j5eoc2qoyttjt44ynbhnflsx453tfevtx4ka
________________________________________________________________________________________________________________________________
                                                                                                             MeLaunch0_Web3.ico
            bafybeicxrv465kt22y4aamlkg7qdizuf56c5hs4uukv3sma3y5wea7dg2q
________________________________________________________________________________________________________________________________
                                                                                                              MeLaunch0_Web3.py
            bafybeicnkji6eaqdtfgou6go3qn437fnf4nxfngsjqnft75ihmguxvsira
________________________________________________________________________________________________________________________________
                                                                                                              MeLaunch1_Ark.exe
            bafybeigdi7nttnt2voathby6c6euvr7bgnomp4ckp2slgtu3a6sa7nnmp4
________________________________________________________________________________________________________________________________
                                                                                                              MeLaunch1_Ark.ico
            bafybeihgkiyvsc3r5uf65whdsc6224mip5q4onisqmaxg7v72lyievvj6a
________________________________________________________________________________________________________________________________
                                                                                                               MeLaunch1_Ark.py
            bafybeialhdcn6nuumwrmzlvclf7mte6tx623h7a76zbdgfvjn6uun6qnjq
________________________________________________________________________________________________________________________________
                                                                                                            MeLaunch2_RmMfs.exe
            bafybeidvp6itnw6wgisrdjcakuqs3rn5pkhwokpu7woaa7maktnlvcu4ey
________________________________________________________________________________________________________________________________
                                                                                                            MeLaunch2_RmMfs.ico
            bafybeic2uyqeikw3fmjvxhtulwxepa3v4ucjsxxp7kzxrv5m3hz4k4olau
________________________________________________________________________________________________________________________________
                                                                                                             MeLaunch2_RmMfs.py
            bafybeienpupu6jpnc4jrlupzim43wmwpqh4wkpvu6fxtjl7hpfrasiycwe
________________________________________________________________________________________________________________________________
                                                                                                            MeLaunch3_RmPin.exe
            bafybeieoe6jsxlmxh2f5bpfdqgkb4urmtz5k6hlfkwv7bbzvexukumtfea
________________________________________________________________________________________________________________________________
                                                                                                            MeLaunch3_RmPin.ico
            bafybeicjgq47eyuppbjsmyxxdag43wst6ba7aggsd2uejwlyfovly3224e
________________________________________________________________________________________________________________________________
                                                                                                             MeLaunch3_RmPin.py
            bafybeiekv6xqapjfwfx7r3o4vgigc645ntg33whxdjeqcgf4tvhdfmy52u
________________________________________________________________________________________________________________________________
